[debug] [2023-12-07T03:53:44.551Z] ----------------------------------------------------------------------
[debug] [2023-12-07T03:53:44.557Z] Command:       D:\program files\nodejs\node.exe C:\Users\nanre\AppData\Roaming\npm\node_modules\firebase-tools\lib\bin\firebase.js init
[debug] [2023-12-07T03:53:44.557Z] CLI Version:   13.0.0
[debug] [2023-12-07T03:53:44.558Z] Platform:      win32
[debug] [2023-12-07T03:53:44.558Z] Node Version:  v20.10.0
[debug] [2023-12-07T03:53:44.558Z] Time:          Thu Dec 07 2023 00:53:44 GMT-0300 (hora estándar de Argentina)
[debug] [2023-12-07T03:53:44.558Z] ----------------------------------------------------------------------
[debug] 
[debug] [2023-12-07T03:53:44.666Z] > command requires scopes: ["email","openid","https://www.googleapis.com/auth/cloudplatformprojects.readonly","https://www.googleapis.com/auth/firebase","https://www.googleapis.com/auth/cloud-platform"]
[debug] [2023-12-07T03:53:44.667Z] > authorizing via signed-in user (hernanchogomez@gmail.com)
[info] 
     ######## #### ########  ######## ########     ###     ######  ########
     ##        ##  ##     ## ##       ##     ##  ##   ##  ##       ##
     ######    ##  ########  ######   ########  #########  ######  ######
     ##        ##  ##    ##  ##       ##     ## ##     ##       ## ##
     ##       #### ##     ## ######## ########  ##     ##  ######  ########

You're about to initialize a Firebase project in this directory:

  D:\pr\TPFINAL\frontEnd

Before we get started, keep in mind:

  * You are initializing within an existing Firebase project directory

[info] 
=== Project Setup
[info] 
[info] First, let's associate this project directory with a Firebase project.
[info] You can create multiple project aliases by running firebase use --add, 
[info] but for now we'll just set up a default project.
[info] 
[debug] [2023-12-07T03:54:07.719Z] Using project from CLI flag: gomez-hernan
[debug] [2023-12-07T03:54:07.721Z] > refreshing access token with scopes: []
[debug] [2023-12-07T03:54:07.724Z] >>> [apiv2][query] POST https://www.googleapis.com/oauth2/v3/token [none]
[debug] [2023-12-07T03:54:07.725Z] >>> [apiv2][body] POST https://www.googleapis.com/oauth2/v3/token [omitted]
[debug] [2023-12-07T03:54:08.035Z] <<< [apiv2][status] POST https://www.googleapis.com/oauth2/v3/token 400
[debug] [2023-12-07T03:54:08.036Z] <<< [apiv2][body] POST https://www.googleapis.com/oauth2/v3/token [omitted]
[debug] [2023-12-07T03:54:08.036Z] >>> [apiv2][query] GET https://firebase.googleapis.com/v1beta1/projects/gomez-hernan [none]
[debug] [2023-12-07T03:54:08.217Z] <<< [apiv2][status] GET https://firebase.googleapis.com/v1beta1/projects/gomez-hernan 401
[debug] [2023-12-07T03:54:08.217Z] <<< [apiv2][body] GET https://firebase.googleapis.com/v1beta1/projects/gomez-hernan {"error":{"code":401,"message":"Request had invalid authentication credentials. Expected OAuth 2 access token, login cookie or other valid authentication credential. See https://developers.google.com/identity/sign-in/web/devconsole-project.","status":"UNAUTHENTICATED"}}
[debug] [2023-12-07T03:54:08.218Z] HTTP Error: 401, Request had invalid authentication credentials. Expected OAuth 2 access token, login cookie or other valid authentication credential. See https://developers.google.com/identity/sign-in/web/devconsole-project.
[debug] [2023-12-07T03:54:08.375Z] FirebaseError: HTTP Error: 401, Request had invalid authentication credentials. Expected OAuth 2 access token, login cookie or other valid authentication credential. See https://developers.google.com/identity/sign-in/web/devconsole-project.
    at responseToError (C:\Users\nanre\AppData\Roaming\npm\node_modules\firebase-tools\lib\responseToError.js:49:12)
    at RetryOperation._fn (C:\Users\nanre\AppData\Roaming\npm\node_modules\firebase-tools\lib\apiv2.js:292:77)
    at process.processTicksAndRejections (node:internal/process/task_queues:95:5)
[error] 
[error] Error: Failed to get Firebase project gomez-hernan. Please make sure the project exists and your account has permission to access it.
[debug] [2023-12-07T03:54:16.299Z] ----------------------------------------------------------------------
[debug] [2023-12-07T03:54:16.304Z] Command:       D:\program files\nodejs\node.exe C:\Users\nanre\AppData\Roaming\npm\node_modules\firebase-tools\lib\bin\firebase.js init
[debug] [2023-12-07T03:54:16.304Z] CLI Version:   13.0.0
[debug] [2023-12-07T03:54:16.305Z] Platform:      win32
[debug] [2023-12-07T03:54:16.305Z] Node Version:  v20.10.0
[debug] [2023-12-07T03:54:16.305Z] Time:          Thu Dec 07 2023 00:54:16 GMT-0300 (hora estándar de Argentina)
[debug] [2023-12-07T03:54:16.305Z] ----------------------------------------------------------------------
[debug] 
[debug] [2023-12-07T03:54:16.416Z] > command requires scopes: ["email","openid","https://www.googleapis.com/auth/cloudplatformprojects.readonly","https://www.googleapis.com/auth/firebase","https://www.googleapis.com/auth/cloud-platform"]
[debug] [2023-12-07T03:54:16.417Z] > authorizing via signed-in user (hernanchogomez@gmail.com)
[info] 
     ######## #### ########  ######## ########     ###     ######  ########
     ##        ##  ##     ## ##       ##     ##  ##   ##  ##       ##
     ######    ##  ########  ######   ########  #########  ######  ######
     ##        ##  ##    ##  ##       ##     ## ##     ##       ## ##
     ##       #### ##     ## ######## ########  ##     ##  ######  ########

You're about to initialize a Firebase project in this directory:

  D:\pr\TPFINAL\frontEnd

Before we get started, keep in mind:

  * You are initializing within an existing Firebase project directory

[info] 
=== Project Setup
[info] 
[info] First, let's associate this project directory with a Firebase project.
[info] You can create multiple project aliases by running firebase use --add, 
[info] but for now we'll just set up a default project.
[info] 
[debug] [2023-12-07T03:54:22.351Z] Using project from CLI flag: gomez-hernan
[debug] [2023-12-07T03:54:22.353Z] > refreshing access token with scopes: []
[debug] [2023-12-07T03:54:22.355Z] >>> [apiv2][query] POST https://www.googleapis.com/oauth2/v3/token [none]
[debug] [2023-12-07T03:54:22.355Z] >>> [apiv2][body] POST https://www.googleapis.com/oauth2/v3/token [omitted]
[debug] [2023-12-07T03:54:22.610Z] <<< [apiv2][status] POST https://www.googleapis.com/oauth2/v3/token 400
[debug] [2023-12-07T03:54:22.611Z] <<< [apiv2][body] POST https://www.googleapis.com/oauth2/v3/token [omitted]
[debug] [2023-12-07T03:54:22.611Z] >>> [apiv2][query] GET https://firebase.googleapis.com/v1beta1/projects/gomez-hernan [none]
[debug] [2023-12-07T03:54:22.782Z] <<< [apiv2][status] GET https://firebase.googleapis.com/v1beta1/projects/gomez-hernan 401
[debug] [2023-12-07T03:54:22.782Z] <<< [apiv2][body] GET https://firebase.googleapis.com/v1beta1/projects/gomez-hernan {"error":{"code":401,"message":"Request had invalid authentication credentials. Expected OAuth 2 access token, login cookie or other valid authentication credential. See https://developers.google.com/identity/sign-in/web/devconsole-project.","status":"UNAUTHENTICATED"}}
[debug] [2023-12-07T03:54:22.783Z] HTTP Error: 401, Request had invalid authentication credentials. Expected OAuth 2 access token, login cookie or other valid authentication credential. See https://developers.google.com/identity/sign-in/web/devconsole-project.
[debug] [2023-12-07T03:54:22.939Z] FirebaseError: HTTP Error: 401, Request had invalid authentication credentials. Expected OAuth 2 access token, login cookie or other valid authentication credential. See https://developers.google.com/identity/sign-in/web/devconsole-project.
    at responseToError (C:\Users\nanre\AppData\Roaming\npm\node_modules\firebase-tools\lib\responseToError.js:49:12)
    at RetryOperation._fn (C:\Users\nanre\AppData\Roaming\npm\node_modules\firebase-tools\lib\apiv2.js:292:77)
    at process.processTicksAndRejections (node:internal/process/task_queues:95:5)
[error] 
[error] Error: Failed to get Firebase project gomez-hernan. Please make sure the project exists and your account has permission to access it.
